<?xml version="1.0" encoding="UTF-8"?>
<!-- Generated by org.testng.reporters.JUnitXMLReporter -->
<testsuite ignored="0" hostname="KHST" failures="0" tests="24" name="Free CRM App Test Cases" time="682.548" errors="0" timestamp="2022-11-20T12:32:08 IST">
  <testcase classname="com.hrm.qa.testcases.LoginPageTest" name="loginPageTitleTest" time="0.024"/>
  <testcase classname="com.hrm.qa.testcases.LoginPageTest" name="actiTimeLogoTest" time="0.045"/>
  <testcase classname="com.hrm.qa.testcases.LoginPageTest" name="loginTest" time="0.194"/>
  <testcase classname="com.hrm.qa.testcases.HomePageTest" name="homePageLogoTest" time="8.097"/>
  <testcase classname="com.hrm.qa.testcases.HomePageTest" name="verifyLockTimeLinkTest" time="5.909"/>
  <testcase classname="com.hrm.qa.testcases.HomePageTest" name="verifyviewTrackLinkTest" time="8.677"/>
  <testcase classname="com.hrm.qa.testcases.HomePageTest" name="verifyapproveLinkTest" time="6.658"/>
  <testcase classname="com.hrm.qa.testcases.HomePageTest" name="verifyactiPlanLinkTest" time="27.07"/>
  <testcase classname="com.hrm.qa.testcases.ApproveTabTest" name="verifyPgTitleTest" time="0.008"/>
  <testcase classname="com.hrm.qa.testcases.ApproveTabTest" name="selectApprovedTest" time="0.614"/>
  <testcase classname="com.hrm.qa.testcases.ApproveTabTest" name="selectRejectedTest" time="0.64"/>
  <testcase classname="com.hrm.qa.testcases.ApproveTabTest" name="confirmApprovalTest" time="0.714"/>
  <testcase classname="com.hrm.qa.testcases.ApproveTabTest" name="confirmRejectionTest" time="0.69"/>
  <testcase classname="com.hrm.qa.testcases.ActiPlanPageText" name="validateActiTimeLogoTest" time="0.038"/>
  <testcase classname="com.hrm.qa.testcases.ActiPlanPageText" name="validatePgTitleTest" time="0.009"/>
  <testcase classname="com.hrm.qa.testcases.ActiPlanPageText" name="verifyReviewLeaveLinkTest" time="0.825"/>
  <testcase classname="com.hrm.qa.testcases.ActiPlanPageText" name="verifyReportLinkTest" time="6.172"/>
  <testcase classname="com.hrm.qa.testcases.ActiPlanPageText" name="verifyEmployeeListLinkTest" time="2.113"/>
  <testcase classname="com.hrm.qa.testcases.EmployeePageTest" name="verifyPgTitleTest" time="0.01"/>
  <testcase classname="com.hrm.qa.testcases.EmployeePageTest" name="clickEmployeeTest" time="0.058"/>
  <testcase classname="com.hrm.qa.testcases.ReviewLeavePageTest" name="validatePgTitleTest" time="0.008"/>
  <testcase classname="com.hrm.qa.testcases.ReportPageTest" name="validatePgTitleTest" time="0.038"/>
  <testcase classname="com.hrm.qa.testcases.ReportPageTest" name="dwnldCSVTest" time="5.14"/>
  <testcase classname="com.hrm.qa.testcases.ReportPageTest" name="dwnldPDFTest" time="5.256"/>
</testsuite> <!-- Free CRM App Test Cases -->
